<?xml version="1.0" encoding="UTF-8"?>
<testsuite xmlns:xsi="http://www.w3.org/2001/XMLSchema-instance" xsi:noNamespaceSchemaLocation="https://maven.apache.org/surefire/maven-surefire-plugin/xsd/surefire-test-report-3.0.xsd" version="3.0" name="com.example.VoidMethodTest" time="0.044" tests="3" errors="0" skipped="0" failures="0">
  <properties>
[...]
</properties>
  <testcase name="testProcessData_VerifyNoInteraction" classname="com.example.VoidMethodTest" time="0.006"/>
  <testcase name="testProcessData_VoidMethod_Success" classname="com.example.VoidMethodTest" time="0.007"/>
  <testcase name="testProcessData_VoidMethod_ThrowsException" classname="com.example.VoidMethodTest" time="0.024"/>
</testsuite>